2023-02-01 14:56:33,979 | MainThread   | [DEBUG   ] | <module>            |: debug
2023-02-01 14:56:33,979 | MainThread   | [INFO    ] | <module>            |: info
2023-02-01 14:56:33,981 | MainThread   | [WARNING ] | <module>            |: warning
2023-02-01 14:56:33,983 | MainThread   | [ERROR   ] | <module>            |: error
2023-02-01 14:56:33,986 | MainThread   | [CRITICAL] | <module>            |: critical
2023-02-01 14:57:07,497 | MainThread   | [DEBUG   ] | __init__            |: Python Info: sys.version_info(major=3, minor=9, micro=10, releaselevel='final', serial=0)
2023-02-01 14:57:07,498 | MainThread   | [DEBUG   ] | __init__            |: System Info: macOS-12.6-x86_64-i386-64bit
2023-02-01 14:57:07,498 | MainThread   | [INFO    ] | _connect            |: Looking for Artemis Nano Peripheral Device: c0:83:24:6a:9a:3c
2023-02-01 14:57:23,033 | MainThread   | [INFO    ] | _connect            |: Looking for Artemis Nano Peripheral Device: c0:83:24:6a:9a:3c
2023-02-01 14:58:10,953 | MainThread   | [INFO    ] | _connect            |: Looking for Artemis Nano Peripheral Device: c0:83:24:6a:9a:3c
2023-02-01 15:04:01,232 | MainThread   | [INFO    ] | _connect            |: Looking for Artemis Nano Peripheral Device: c0:83:24:6a:9a:3c
2023-02-01 15:04:03,843 | MainThread   | [INFO    ] | _connect            |: Connected to c0:83:24:6a:9a:3c
2023-02-01 15:04:31,649 | MainThread   | [INFO    ] | disconnect_handler  |: Disconnected from E3B6D8B5-E814-4EC8-30D3-C58AADA24D08
2023-02-01 15:32:41,490 | MainThread   | [INFO    ] | _connect            |: Looking for Artemis Nano Peripheral Device: c0:83:24:6a:9a:3c
2023-02-01 15:32:46,467 | MainThread   | [INFO    ] | _connect            |: Connected to c0:83:24:6a:9a:3c
2023-02-01 15:36:42,624 | MainThread   | [INFO    ] | disconnect_handler  |: Disconnected from E3B6D8B5-E814-4EC8-30D3-C58AADA24D08
2023-02-01 15:37:18,959 | MainThread   | [INFO    ] | _connect            |: Looking for Artemis Nano Peripheral Device: c0:83:24:6a:9a:3c
2023-02-01 15:37:21,564 | MainThread   | [INFO    ] | _connect            |: Connected to c0:83:24:6a:9a:3c
2023-02-01 15:44:26,664 | MainThread   | [INFO    ] | disconnect_handler  |: Disconnected from E3B6D8B5-E814-4EC8-30D3-C58AADA24D08
2023-02-01 15:45:26,392 | MainThread   | [INFO    ] | _connect            |: Looking for Artemis Nano Peripheral Device: c0:83:24:6a:9a:3c
2023-02-01 15:45:28,914 | MainThread   | [INFO    ] | _connect            |: Connected to c0:83:24:6a:9a:3c
2023-02-01 15:47:57,467 | MainThread   | [INFO    ] | disconnect_handler  |: Disconnected from E3B6D8B5-E814-4EC8-30D3-C58AADA24D08
2023-02-01 15:49:47,191 | MainThread   | [INFO    ] | _connect            |: Looking for Artemis Nano Peripheral Device: c0:83:24:6a:9a:3c
2023-02-01 15:49:50,193 | MainThread   | [INFO    ] | _connect            |: Connected to c0:83:24:6a:9a:3c
2023-02-01 15:50:03,320 | MainThread   | [INFO    ] | disconnect_handler  |: Disconnected from E3B6D8B5-E814-4EC8-30D3-C58AADA24D08
2023-02-01 15:50:07,786 | MainThread   | [INFO    ] | _connect            |: Looking for Artemis Nano Peripheral Device: c0:83:24:6a:9a:3c
2023-02-01 15:50:10,383 | MainThread   | [INFO    ] | _connect            |: Connected to c0:83:24:6a:9a:3c
2023-02-01 16:03:53,330 | MainThread   | [INFO    ] | disconnect_handler  |: Disconnected from E3B6D8B5-E814-4EC8-30D3-C58AADA24D08
2023-02-01 16:04:17,093 | MainThread   | [INFO    ] | _connect            |: Looking for Artemis Nano Peripheral Device: c0:83:24:6a:9a:3c
2023-02-01 16:04:21,673 | MainThread   | [INFO    ] | _connect            |: Connected to c0:83:24:6a:9a:3c
2023-02-01 16:04:26,579 | MainThread   | [INFO    ] | disconnect_handler  |: Disconnected from E3B6D8B5-E814-4EC8-30D3-C58AADA24D08
2023-02-01 16:04:31,537 | MainThread   | [INFO    ] | _connect            |: Looking for Artemis Nano Peripheral Device: c0:83:24:6a:9a:3c
2023-02-01 16:04:34,176 | MainThread   | [INFO    ] | _connect            |: Connected to c0:83:24:6a:9a:3c
2023-02-01 16:18:12,087 | MainThread   | [INFO    ] | _connect            |: Already connected to a BLE device
2023-02-01 16:20:28,346 | MainThread   | [INFO    ] | exit_handler        |: Exiting...
2023-02-01 16:20:28,351 | MainThread   | [INFO    ] | disconnect_handler  |: Disconnected from E3B6D8B5-E814-4EC8-30D3-C58AADA24D08
2023-02-01 16:20:28,353 | MainThread   | [INFO    ] | exit_handler        |: Gracefully Exiting
2023-02-01 16:21:07,089 | MainThread   | [DEBUG   ] | __init__            |: Python Info: sys.version_info(major=3, minor=9, micro=10, releaselevel='final', serial=0)
2023-02-01 16:21:07,089 | MainThread   | [DEBUG   ] | __init__            |: System Info: macOS-12.6-x86_64-i386-64bit
2023-02-01 16:21:07,089 | MainThread   | [INFO    ] | _connect            |: Looking for Artemis Nano Peripheral Device: c0:83:24:6a:9a:3c
2023-02-01 16:21:10,074 | MainThread   | [INFO    ] | _connect            |: Connected to c0:83:24:6a:9a:3c
2023-02-01 16:30:59,667 | MainThread   | [INFO    ] | exit_handler        |: Exiting...
2023-02-01 16:30:59,673 | MainThread   | [INFO    ] | disconnect_handler  |: Disconnected from E3B6D8B5-E814-4EC8-30D3-C58AADA24D08
2023-02-01 16:30:59,674 | MainThread   | [INFO    ] | exit_handler        |: Gracefully Exiting
2023-02-01 16:31:07,332 | MainThread   | [DEBUG   ] | __init__            |: Python Info: sys.version_info(major=3, minor=9, micro=10, releaselevel='final', serial=0)
2023-02-01 16:31:07,333 | MainThread   | [DEBUG   ] | __init__            |: System Info: macOS-12.6-x86_64-i386-64bit
2023-02-01 16:31:07,333 | MainThread   | [INFO    ] | _connect            |: Looking for Artemis Nano Peripheral Device: c0:83:24:6a:9a:3c
2023-02-01 16:31:10,048 | MainThread   | [INFO    ] | _connect            |: Connected to c0:83:24:6a:9a:3c
2023-02-01 16:31:32,766 | MainThread   | [INFO    ] | exit_handler        |: Exiting...
2023-02-01 16:31:32,769 | MainThread   | [INFO    ] | disconnect_handler  |: Disconnected from E3B6D8B5-E814-4EC8-30D3-C58AADA24D08
2023-02-01 16:31:32,771 | MainThread   | [INFO    ] | exit_handler        |: Gracefully Exiting
2023-02-01 16:56:52,383 | MainThread   | [DEBUG   ] | __init__            |: Python Info: sys.version_info(major=3, minor=9, micro=10, releaselevel='final', serial=0)
2023-02-01 16:56:52,384 | MainThread   | [DEBUG   ] | __init__            |: System Info: macOS-12.6-x86_64-i386-64bit
2023-02-01 16:56:52,385 | MainThread   | [INFO    ] | _connect            |: Looking for Artemis Nano Peripheral Device: c0:83:24:6a:9a:3c
2023-02-01 16:56:55,559 | MainThread   | [INFO    ] | _connect            |: Connected to c0:83:24:6a:9a:3c
2023-02-01 16:57:33,452 | MainThread   | [INFO    ] | exit_handler        |: Exiting...
2023-02-01 16:57:33,458 | MainThread   | [INFO    ] | disconnect_handler  |: Disconnected from E3B6D8B5-E814-4EC8-30D3-C58AADA24D08
2023-02-01 16:57:33,479 | MainThread   | [INFO    ] | exit_handler        |: Gracefully Exiting
2023-02-01 16:57:42,055 | MainThread   | [DEBUG   ] | __init__            |: Python Info: sys.version_info(major=3, minor=9, micro=10, releaselevel='final', serial=0)
2023-02-01 16:57:42,056 | MainThread   | [DEBUG   ] | __init__            |: System Info: macOS-12.6-x86_64-i386-64bit
2023-02-01 16:57:42,056 | MainThread   | [INFO    ] | _connect            |: Looking for Artemis Nano Peripheral Device: c0:83:24:6a:9a:3c
2023-02-01 16:57:45,227 | MainThread   | [INFO    ] | _connect            |: Connected to c0:83:24:6a:9a:3c
2023-02-01 16:58:20,177 | MainThread   | [INFO    ] | exit_handler        |: Exiting...
2023-02-01 16:58:20,182 | MainThread   | [INFO    ] | disconnect_handler  |: Disconnected from E3B6D8B5-E814-4EC8-30D3-C58AADA24D08
2023-02-01 16:58:20,183 | MainThread   | [INFO    ] | exit_handler        |: Gracefully Exiting
2023-02-01 16:58:42,033 | MainThread   | [DEBUG   ] | __init__            |: Python Info: sys.version_info(major=3, minor=9, micro=10, releaselevel='final', serial=0)
2023-02-01 16:58:42,034 | MainThread   | [DEBUG   ] | __init__            |: System Info: macOS-12.6-x86_64-i386-64bit
2023-02-01 16:58:42,034 | MainThread   | [INFO    ] | _connect            |: Looking for Artemis Nano Peripheral Device: c0:83:24:6a:9a:3c
2023-02-01 16:58:44,811 | MainThread   | [ERROR   ] | _connect            |: disconnected
2023-02-01 16:58:45,817 | MainThread   | [WARNING ] | connect             |: Attempting to connect again...
2023-02-01 16:58:45,821 | MainThread   | [INFO    ] | _connect            |: Looking for Artemis Nano Peripheral Device: c0:83:24:6a:9a:3c
2023-02-01 16:58:48,456 | MainThread   | [INFO    ] | _connect            |: Connected to c0:83:24:6a:9a:3c
2023-02-01 17:01:09,983 | MainThread   | [INFO    ] | disconnect_handler  |: Disconnected from E3B6D8B5-E814-4EC8-30D3-C58AADA24D08
2023-02-01 17:20:28,495 | MainThread   | [INFO    ] | _connect            |: Looking for Artemis Nano Peripheral Device: c0:83:24:6a:9a:3c
2023-02-01 17:24:17,917 | MainThread   | [INFO    ] | _connect            |: Looking for Artemis Nano Peripheral Device: c0:83:24:6a:9a:3c
2023-02-01 17:24:33,276 | MainThread   | [INFO    ] | exit_handler        |: Exiting...
2023-02-01 17:24:33,277 | MainThread   | [WARNING ] | exit_handler        |: Could not disconnect before exiting
2023-02-01 17:24:33,279 | MainThread   | [WARNING ] | exit_handler        |: Not connected to a BLE device
2023-02-01 17:24:38,055 | MainThread   | [DEBUG   ] | __init__            |: Python Info: sys.version_info(major=3, minor=9, micro=10, releaselevel='final', serial=0)
2023-02-01 17:24:38,056 | MainThread   | [DEBUG   ] | __init__            |: System Info: macOS-12.6-x86_64-i386-64bit
2023-02-01 17:24:38,056 | MainThread   | [INFO    ] | _connect            |: Looking for Artemis Nano Peripheral Device: c0:83:24:6a:9a:3c
2023-02-01 17:26:42,169 | MainThread   | [INFO    ] | _connect            |: Looking for Artemis Nano Peripheral Device: c0:83:24:6a:9a:3c
2023-02-01 17:27:05,647 | MainThread   | [INFO    ] | exit_handler        |: Exiting...
2023-02-01 17:27:05,650 | MainThread   | [WARNING ] | exit_handler        |: Could not disconnect before exiting
2023-02-01 17:27:05,651 | MainThread   | [WARNING ] | exit_handler        |: Not connected to a BLE device
2023-02-01 17:27:11,540 | MainThread   | [DEBUG   ] | __init__            |: Python Info: sys.version_info(major=3, minor=9, micro=10, releaselevel='final', serial=0)
2023-02-01 17:27:11,540 | MainThread   | [DEBUG   ] | __init__            |: System Info: macOS-12.6-x86_64-i386-64bit
2023-02-01 17:27:11,540 | MainThread   | [INFO    ] | _connect            |: Looking for Artemis Nano Peripheral Device: c0:83:24:6a:9a:3c
2023-02-01 17:47:55,464 | MainThread   | [INFO    ] | _connect            |: Looking for Artemis Nano Peripheral Device: c0:83:24:6a:9a:3c
2023-02-01 17:47:58,027 | MainThread   | [INFO    ] | _connect            |: Connected to c0:83:24:6a:9a:3c
2023-02-01 17:50:08,399 | MainThread   | [INFO    ] | disconnect_handler  |: Disconnected from E3B6D8B5-E814-4EC8-30D3-C58AADA24D08
2023-02-01 17:50:16,416 | MainThread   | [INFO    ] | _connect            |: Looking for Artemis Nano Peripheral Device: c0:83:24:6a:9a:3c
2023-02-01 17:50:18,990 | MainThread   | [INFO    ] | _connect            |: Connected to c0:83:24:6a:9a:3c
2023-02-01 17:50:55,608 | MainThread   | [INFO    ] | exit_handler        |: Exiting...
2023-02-01 17:50:55,612 | MainThread   | [INFO    ] | disconnect_handler  |: Disconnected from E3B6D8B5-E814-4EC8-30D3-C58AADA24D08
2023-02-01 17:50:55,613 | MainThread   | [INFO    ] | exit_handler        |: Gracefully Exiting
2023-02-01 17:51:02,232 | MainThread   | [DEBUG   ] | __init__            |: Python Info: sys.version_info(major=3, minor=9, micro=10, releaselevel='final', serial=0)
2023-02-01 17:51:02,232 | MainThread   | [DEBUG   ] | __init__            |: System Info: macOS-12.6-x86_64-i386-64bit
2023-02-01 17:51:02,233 | MainThread   | [INFO    ] | _connect            |: Looking for Artemis Nano Peripheral Device: c0:83:24:6a:9a:3c
2023-02-01 17:51:04,841 | MainThread   | [INFO    ] | _connect            |: Connected to c0:83:24:6a:9a:3c
2023-02-01 18:03:29,185 | MainThread   | [INFO    ] | exit_handler        |: Exiting...
2023-02-01 18:03:29,190 | MainThread   | [INFO    ] | disconnect_handler  |: Disconnected from E3B6D8B5-E814-4EC8-30D3-C58AADA24D08
2023-02-01 18:03:29,191 | MainThread   | [INFO    ] | exit_handler        |: Gracefully Exiting
2023-02-01 18:03:33,959 | MainThread   | [DEBUG   ] | __init__            |: Python Info: sys.version_info(major=3, minor=9, micro=10, releaselevel='final', serial=0)
2023-02-01 18:03:33,960 | MainThread   | [DEBUG   ] | __init__            |: System Info: macOS-12.6-x86_64-i386-64bit
2023-02-01 18:03:33,960 | MainThread   | [INFO    ] | _connect            |: Looking for Artemis Nano Peripheral Device: c0:83:24:6a:9a:3c
2023-02-01 18:03:36,648 | MainThread   | [INFO    ] | _connect            |: Connected to c0:83:24:6a:9a:3c
2023-02-01 18:04:20,175 | MainThread   | [INFO    ] | exit_handler        |: Exiting...
2023-02-01 18:04:20,178 | MainThread   | [INFO    ] | disconnect_handler  |: Disconnected from E3B6D8B5-E814-4EC8-30D3-C58AADA24D08
2023-02-01 18:04:20,180 | MainThread   | [INFO    ] | exit_handler        |: Gracefully Exiting
2023-02-01 18:04:24,560 | MainThread   | [DEBUG   ] | __init__            |: Python Info: sys.version_info(major=3, minor=9, micro=10, releaselevel='final', serial=0)
2023-02-01 18:04:24,560 | MainThread   | [DEBUG   ] | __init__            |: System Info: macOS-12.6-x86_64-i386-64bit
2023-02-01 18:04:24,560 | MainThread   | [INFO    ] | _connect            |: Looking for Artemis Nano Peripheral Device: c0:83:24:6a:9a:3c
2023-02-01 18:04:27,513 | MainThread   | [INFO    ] | _connect            |: Connected to c0:83:24:6a:9a:3c
2023-02-01 18:05:40,489 | MainThread   | [INFO    ] | disconnect_handler  |: Disconnected from E3B6D8B5-E814-4EC8-30D3-C58AADA24D08
2023-02-01 18:06:17,018 | MainThread   | [INFO    ] | _connect            |: Looking for Artemis Nano Peripheral Device: c0:83:24:6a:9a:3c
2023-02-01 18:06:19,500 | MainThread   | [INFO    ] | _connect            |: Connected to c0:83:24:6a:9a:3c
2023-02-01 18:06:42,877 | MainThread   | [INFO    ] | exit_handler        |: Exiting...
2023-02-01 18:06:42,881 | MainThread   | [INFO    ] | disconnect_handler  |: Disconnected from E3B6D8B5-E814-4EC8-30D3-C58AADA24D08
2023-02-01 18:06:42,882 | MainThread   | [INFO    ] | exit_handler        |: Gracefully Exiting
2023-02-01 18:06:46,977 | MainThread   | [DEBUG   ] | __init__            |: Python Info: sys.version_info(major=3, minor=9, micro=10, releaselevel='final', serial=0)
2023-02-01 18:06:46,977 | MainThread   | [DEBUG   ] | __init__            |: System Info: macOS-12.6-x86_64-i386-64bit
2023-02-01 18:06:46,978 | MainThread   | [INFO    ] | _connect            |: Looking for Artemis Nano Peripheral Device: c0:83:24:6a:9a:3c
2023-02-01 18:06:49,617 | MainThread   | [INFO    ] | _connect            |: Connected to c0:83:24:6a:9a:3c
2023-02-01 18:08:38,217 | MainThread   | [INFO    ] | disconnect_handler  |: Disconnected from E3B6D8B5-E814-4EC8-30D3-C58AADA24D08
2023-02-01 18:08:53,981 | MainThread   | [INFO    ] | exit_handler        |: Exiting...
2023-02-01 18:08:53,983 | MainThread   | [WARNING ] | exit_handler        |: Could not disconnect before exiting
2023-02-01 18:08:53,985 | MainThread   | [WARNING ] | exit_handler        |: Not connected to a BLE device
2023-02-01 18:09:11,290 | MainThread   | [DEBUG   ] | __init__            |: Python Info: sys.version_info(major=3, minor=9, micro=10, releaselevel='final', serial=0)
2023-02-01 18:09:11,290 | MainThread   | [DEBUG   ] | __init__            |: System Info: macOS-12.6-x86_64-i386-64bit
2023-02-01 18:09:11,290 | MainThread   | [INFO    ] | _connect            |: Looking for Artemis Nano Peripheral Device: c0:83:24:6a:9a:3c
2023-02-01 18:09:14,191 | MainThread   | [INFO    ] | _connect            |: Connected to c0:83:24:6a:9a:3c
2023-02-01 18:10:57,988 | MainThread   | [INFO    ] | disconnect_handler  |: Disconnected from E3B6D8B5-E814-4EC8-30D3-C58AADA24D08
2023-02-12 18:51:35,786 | MainThread   | [DEBUG   ] | <module>            |: debug
2023-02-12 18:51:35,787 | MainThread   | [INFO    ] | <module>            |: info
2023-02-12 18:51:35,789 | MainThread   | [WARNING ] | <module>            |: warning
2023-02-12 18:51:35,790 | MainThread   | [ERROR   ] | <module>            |: error
2023-02-12 18:51:35,792 | MainThread   | [CRITICAL] | <module>            |: critical
2023-02-12 18:51:40,871 | MainThread   | [DEBUG   ] | __init__            |: Python Info: sys.version_info(major=3, minor=9, micro=10, releaselevel='final', serial=0)
2023-02-12 18:51:40,872 | MainThread   | [DEBUG   ] | __init__            |: System Info: macOS-12.6-x86_64-i386-64bit
2023-02-12 18:51:40,872 | MainThread   | [INFO    ] | _connect            |: Looking for Artemis Nano Peripheral Device: c0:83:24:6a:9a:3c
2023-02-12 18:51:43,684 | MainThread   | [INFO    ] | _connect            |: Connected to c0:83:24:6a:9a:3c
2023-02-12 18:51:55,775 | MainThread   | [INFO    ] | disconnect_handler  |: Disconnected from 3E8FB54A-DE75-5568-901D-E91E2BD0E736
2023-02-12 18:54:22,529 | MainThread   | [DEBUG   ] | <module>            |: debug
2023-02-12 18:54:22,529 | MainThread   | [INFO    ] | <module>            |: info
2023-02-12 18:54:22,530 | MainThread   | [WARNING ] | <module>            |: warning
2023-02-12 18:54:22,532 | MainThread   | [ERROR   ] | <module>            |: error
2023-02-12 18:54:22,534 | MainThread   | [CRITICAL] | <module>            |: critical
2023-02-12 18:54:26,095 | MainThread   | [INFO    ] | _connect            |: Looking for Artemis Nano Peripheral Device: c0:83:24:6a:9a:3c
2023-02-12 18:54:28,667 | MainThread   | [INFO    ] | _connect            |: Connected to c0:83:24:6a:9a:3c
2023-02-12 18:54:52,869 | MainThread   | [INFO    ] | disconnect_handler  |: Disconnected from 3E8FB54A-DE75-5568-901D-E91E2BD0E736
2023-02-12 19:02:44,995 | MainThread   | [INFO    ] | _connect            |: Looking for Artemis Nano Peripheral Device: c0:83:24:6a:9a:3c
2023-02-12 19:02:47,892 | MainThread   | [INFO    ] | _connect            |: Connected to c0:83:24:6a:9a:3c
2023-02-12 21:19:42,604 | MainThread   | [INFO    ] | _connect            |: Looking for Artemis Nano Peripheral Device: c0:83:24:6a:9a:3c
2023-02-12 21:20:02,194 | MainThread   | [INFO    ] | disconnect_handler  |: Disconnected from 3E8FB54A-DE75-5568-901D-E91E2BD0E736
2023-02-12 21:20:12,659 | MainThread   | [INFO    ] | _connect            |: Looking for Artemis Nano Peripheral Device: c0:83:24:6a:9a:3c
2023-02-12 21:20:15,441 | MainThread   | [INFO    ] | _connect            |: Connected to c0:83:24:6a:9a:3c
2023-02-12 21:26:02,779 | MainThread   | [INFO    ] | exit_handler        |: Exiting...
2023-02-12 21:26:02,782 | MainThread   | [INFO    ] | disconnect_handler  |: Disconnected from 3E8FB54A-DE75-5568-901D-E91E2BD0E736
2023-02-12 21:26:02,783 | MainThread   | [INFO    ] | exit_handler        |: Gracefully Exiting
2023-02-12 21:26:09,187 | MainThread   | [DEBUG   ] | __init__            |: Python Info: sys.version_info(major=3, minor=9, micro=10, releaselevel='final', serial=0)
2023-02-12 21:26:09,187 | MainThread   | [DEBUG   ] | __init__            |: System Info: macOS-12.6-x86_64-i386-64bit
2023-02-12 21:26:09,188 | MainThread   | [INFO    ] | _connect            |: Looking for Artemis Nano Peripheral Device: c0:83:24:6a:9a:3c
2023-02-12 21:26:12,186 | MainThread   | [INFO    ] | _connect            |: Connected to c0:83:24:6a:9a:3c
2023-02-12 21:27:23,540 | MainThread   | [INFO    ] | exit_handler        |: Exiting...
2023-02-12 21:27:23,543 | MainThread   | [INFO    ] | disconnect_handler  |: Disconnected from 3E8FB54A-DE75-5568-901D-E91E2BD0E736
2023-02-12 21:27:23,545 | MainThread   | [INFO    ] | exit_handler        |: Gracefully Exiting
2023-02-12 21:27:29,254 | MainThread   | [DEBUG   ] | __init__            |: Python Info: sys.version_info(major=3, minor=9, micro=10, releaselevel='final', serial=0)
2023-02-12 21:27:29,255 | MainThread   | [DEBUG   ] | __init__            |: System Info: macOS-12.6-x86_64-i386-64bit
2023-02-12 21:27:29,255 | MainThread   | [INFO    ] | _connect            |: Looking for Artemis Nano Peripheral Device: c0:83:24:6a:9a:3c
2023-02-12 21:27:31,969 | MainThread   | [INFO    ] | _connect            |: Connected to c0:83:24:6a:9a:3c
2023-02-12 21:29:51,128 | MainThread   | [INFO    ] | exit_handler        |: Exiting...
2023-02-12 21:29:51,132 | MainThread   | [INFO    ] | disconnect_handler  |: Disconnected from 3E8FB54A-DE75-5568-901D-E91E2BD0E736
2023-02-12 21:29:51,133 | MainThread   | [INFO    ] | exit_handler        |: Gracefully Exiting
2023-02-12 21:30:08,222 | MainThread   | [DEBUG   ] | __init__            |: Python Info: sys.version_info(major=3, minor=9, micro=10, releaselevel='final', serial=0)
2023-02-12 21:30:08,222 | MainThread   | [DEBUG   ] | __init__            |: System Info: macOS-12.6-x86_64-i386-64bit
2023-02-12 21:30:08,223 | MainThread   | [INFO    ] | _connect            |: Looking for Artemis Nano Peripheral Device: c0:83:24:6a:9a:3c
2023-02-12 21:30:10,874 | MainThread   | [INFO    ] | _connect            |: Connected to c0:83:24:6a:9a:3c
2023-02-12 21:30:56,712 | MainThread   | [INFO    ] | disconnect_handler  |: Disconnected from 3E8FB54A-DE75-5568-901D-E91E2BD0E736
2023-02-12 21:31:29,762 | MainThread   | [INFO    ] | _connect            |: Looking for Artemis Nano Peripheral Device: c0:83:24:6a:9a:3c
2023-02-12 21:31:32,549 | MainThread   | [INFO    ] | _connect            |: Connected to c0:83:24:6a:9a:3c
2023-02-12 21:43:57,826 | MainThread   | [INFO    ] | exit_handler        |: Exiting...
2023-02-12 21:43:57,831 | MainThread   | [INFO    ] | disconnect_handler  |: Disconnected from 3E8FB54A-DE75-5568-901D-E91E2BD0E736
2023-02-12 21:43:57,832 | MainThread   | [INFO    ] | exit_handler        |: Gracefully Exiting
2023-02-12 21:55:38,823 | MainThread   | [DEBUG   ] | __init__            |: Python Info: sys.version_info(major=3, minor=9, micro=10, releaselevel='final', serial=0)
2023-02-12 21:55:38,823 | MainThread   | [DEBUG   ] | __init__            |: System Info: macOS-12.6-x86_64-i386-64bit
2023-02-12 21:55:38,824 | MainThread   | [INFO    ] | _connect            |: Looking for Artemis Nano Peripheral Device: c0:83:24:6a:9a:3c
2023-02-12 21:55:41,687 | MainThread   | [INFO    ] | _connect            |: Connected to c0:83:24:6a:9a:3c
2023-02-12 21:58:19,686 | MainThread   | [INFO    ] | exit_handler        |: Exiting...
2023-02-12 21:58:19,689 | MainThread   | [INFO    ] | disconnect_handler  |: Disconnected from 3E8FB54A-DE75-5568-901D-E91E2BD0E736
2023-02-12 21:58:19,690 | MainThread   | [INFO    ] | exit_handler        |: Gracefully Exiting
2023-02-12 21:58:24,820 | MainThread   | [DEBUG   ] | __init__            |: Python Info: sys.version_info(major=3, minor=9, micro=10, releaselevel='final', serial=0)
2023-02-12 21:58:24,820 | MainThread   | [DEBUG   ] | __init__            |: System Info: macOS-12.6-x86_64-i386-64bit
2023-02-12 21:58:24,820 | MainThread   | [INFO    ] | _connect            |: Looking for Artemis Nano Peripheral Device: c0:83:24:6a:9a:3c
2023-02-12 21:58:27,594 | MainThread   | [INFO    ] | _connect            |: Connected to c0:83:24:6a:9a:3c
2023-02-12 22:01:17,488 | MainThread   | [INFO    ] | disconnect_handler  |: Disconnected from 3E8FB54A-DE75-5568-901D-E91E2BD0E736
2023-02-12 22:01:44,180 | MainThread   | [INFO    ] | _connect            |: Looking for Artemis Nano Peripheral Device: c0:83:24:6a:9a:3c
2023-02-12 22:01:46,751 | MainThread   | [INFO    ] | _connect            |: Connected to c0:83:24:6a:9a:3c
2023-02-12 22:14:31,608 | MainThread   | [DEBUG   ] | __init__            |: Python Info: sys.version_info(major=3, minor=9, micro=10, releaselevel='final', serial=0)
2023-02-12 22:14:31,608 | MainThread   | [DEBUG   ] | __init__            |: System Info: macOS-12.6-x86_64-i386-64bit
2023-02-12 22:14:31,609 | MainThread   | [INFO    ] | _connect            |: Looking for Artemis Nano Peripheral Device: c0:83:24:6a:9a:3c
2023-02-12 22:14:34,297 | MainThread   | [INFO    ] | _connect            |: Connected to c0:83:24:6a:9a:3c
2023-02-12 22:15:31,856 | MainThread   | [DEBUG   ] | __init__            |: Python Info: sys.version_info(major=3, minor=9, micro=10, releaselevel='final', serial=0)
2023-02-12 22:15:31,856 | MainThread   | [DEBUG   ] | __init__            |: System Info: macOS-12.6-x86_64-i386-64bit
2023-02-12 22:15:31,857 | MainThread   | [INFO    ] | _connect            |: Looking for Artemis Nano Peripheral Device: c0:83:24:6a:9a:3c
2023-02-12 22:15:34,552 | MainThread   | [INFO    ] | _connect            |: Connected to c0:83:24:6a:9a:3c
2023-02-12 22:16:04,628 | MainThread   | [DEBUG   ] | __init__            |: Python Info: sys.version_info(major=3, minor=9, micro=10, releaselevel='final', serial=0)
2023-02-12 22:16:04,629 | MainThread   | [DEBUG   ] | __init__            |: System Info: macOS-12.6-x86_64-i386-64bit
2023-02-12 22:16:04,629 | MainThread   | [INFO    ] | _connect            |: Looking for Artemis Nano Peripheral Device: c0:83:24:6a:9a:3c
2023-02-12 22:16:07,266 | MainThread   | [INFO    ] | _connect            |: Connected to c0:83:24:6a:9a:3c
2023-02-12 22:21:08,004 | MainThread   | [INFO    ] | disconnect_handler  |: Disconnected from 3E8FB54A-DE75-5568-901D-E91E2BD0E736
2023-02-12 22:22:00,376 | MainThread   | [INFO    ] | _connect            |: Looking for Artemis Nano Peripheral Device: c0:83:24:6a:9a:3c
2023-02-12 22:22:02,967 | MainThread   | [INFO    ] | _connect            |: Connected to c0:83:24:6a:9a:3c
2023-02-12 22:25:20,169 | MainThread   | [INFO    ] | disconnect_handler  |: Disconnected from 3E8FB54A-DE75-5568-901D-E91E2BD0E736
2023-02-12 22:26:01,770 | MainThread   | [INFO    ] | _connect            |: Looking for Artemis Nano Peripheral Device: c0:83:24:6a:9a:3c
2023-02-12 22:26:04,278 | MainThread   | [INFO    ] | _connect            |: Connected to c0:83:24:6a:9a:3c
2023-02-12 22:41:07,953 | MainThread   | [INFO    ] | disconnect_handler  |: Disconnected from 3E8FB54A-DE75-5568-901D-E91E2BD0E736
2023-02-12 22:41:24,785 | MainThread   | [INFO    ] | _connect            |: Looking for Artemis Nano Peripheral Device: c0:83:24:6a:9a:3c
2023-02-12 22:41:27,508 | MainThread   | [INFO    ] | _connect            |: Connected to c0:83:24:6a:9a:3c
2023-02-12 22:42:32,629 | MainThread   | [INFO    ] | disconnect_handler  |: Disconnected from 3E8FB54A-DE75-5568-901D-E91E2BD0E736
2023-02-12 22:43:22,892 | MainThread   | [INFO    ] | _connect            |: Looking for Artemis Nano Peripheral Device: c0:83:24:6a:9a:3c
2023-02-12 22:43:42,760 | MainThread   | [INFO    ] | _connect            |: Looking for Artemis Nano Peripheral Device: c0:83:24:6a:9a:3c
2023-02-12 22:43:45,331 | MainThread   | [INFO    ] | _connect            |: Connected to c0:83:24:6a:9a:3c
2023-02-12 22:43:55,576 | MainThread   | [INFO    ] | disconnect_handler  |: Disconnected from 3E8FB54A-DE75-5568-901D-E91E2BD0E736
2023-02-12 22:47:21,796 | MainThread   | [INFO    ] | _connect            |: Looking for Artemis Nano Peripheral Device: c0:83:24:6a:9a:3c
2023-02-12 22:47:24,422 | MainThread   | [INFO    ] | _connect            |: Connected to c0:83:24:6a:9a:3c
2023-02-12 22:47:35,917 | MainThread   | [INFO    ] | disconnect_handler  |: Disconnected from 3E8FB54A-DE75-5568-901D-E91E2BD0E736
2023-02-12 23:49:04,695 | MainThread   | [INFO    ] | _connect            |: Looking for Artemis Nano Peripheral Device: c0:83:24:6a:9a:3c
2023-02-12 23:49:07,506 | MainThread   | [INFO    ] | _connect            |: Connected to c0:83:24:6a:9a:3c
2023-02-12 23:50:38,678 | MainThread   | [INFO    ] | disconnect_handler  |: Disconnected from 3E8FB54A-DE75-5568-901D-E91E2BD0E736
2023-02-12 23:51:49,056 | MainThread   | [INFO    ] | _connect            |: Looking for Artemis Nano Peripheral Device: c0:83:24:6a:9a:3c
2023-02-12 23:51:51,781 | MainThread   | [INFO    ] | _connect            |: Connected to c0:83:24:6a:9a:3c
2023-02-12 23:52:04,970 | MainThread   | [INFO    ] | disconnect_handler  |: Disconnected from 3E8FB54A-DE75-5568-901D-E91E2BD0E736
2023-02-12 23:53:17,582 | MainThread   | [INFO    ] | _connect            |: Looking for Artemis Nano Peripheral Device: c0:83:24:6a:9a:3c
2023-02-12 23:53:20,145 | MainThread   | [INFO    ] | _connect            |: Connected to c0:83:24:6a:9a:3c
2023-02-12 23:56:42,803 | MainThread   | [INFO    ] | disconnect_handler  |: Disconnected from 3E8FB54A-DE75-5568-901D-E91E2BD0E736
2023-02-12 23:57:41,393 | MainThread   | [INFO    ] | _connect            |: Looking for Artemis Nano Peripheral Device: c0:83:24:6a:9a:3c
2023-02-12 23:57:44,018 | MainThread   | [INFO    ] | _connect            |: Connected to c0:83:24:6a:9a:3c
2023-02-12 23:59:17,397 | MainThread   | [INFO    ] | disconnect_handler  |: Disconnected from 3E8FB54A-DE75-5568-901D-E91E2BD0E736
2023-02-13 00:00:05,484 | MainThread   | [INFO    ] | _connect            |: Looking for Artemis Nano Peripheral Device: c0:83:24:6a:9a:3c
2023-02-13 00:00:08,086 | MainThread   | [INFO    ] | _connect            |: Connected to c0:83:24:6a:9a:3c
2023-02-13 00:00:54,757 | MainThread   | [INFO    ] | disconnect_handler  |: Disconnected from 3E8FB54A-DE75-5568-901D-E91E2BD0E736
2023-02-13 11:32:33,876 | MainThread   | [INFO    ] | _connect            |: Looking for Artemis Nano Peripheral Device: c0:83:24:6a:9a:3c
2023-02-13 11:32:36,447 | MainThread   | [INFO    ] | _connect            |: Connected to c0:83:24:6a:9a:3c
2023-02-13 11:32:50,764 | MainThread   | [INFO    ] | disconnect_handler  |: Disconnected from 3E8FB54A-DE75-5568-901D-E91E2BD0E736
2023-02-13 11:33:13,463 | MainThread   | [INFO    ] | _connect            |: Looking for Artemis Nano Peripheral Device: c0:83:24:6a:9a:3c
2023-02-13 11:33:16,598 | MainThread   | [INFO    ] | _connect            |: Connected to c0:83:24:6a:9a:3c
2023-02-13 11:34:44,379 | MainThread   | [INFO    ] | disconnect_handler  |: Disconnected from 3E8FB54A-DE75-5568-901D-E91E2BD0E736
2023-02-13 11:35:00,989 | MainThread   | [INFO    ] | _connect            |: Looking for Artemis Nano Peripheral Device: c0:83:24:6a:9a:3c
2023-02-13 11:35:03,585 | MainThread   | [INFO    ] | _connect            |: Connected to c0:83:24:6a:9a:3c
2023-02-13 11:35:11,779 | MainThread   | [INFO    ] | disconnect_handler  |: Disconnected from 3E8FB54A-DE75-5568-901D-E91E2BD0E736
2023-02-13 11:35:53,088 | MainThread   | [INFO    ] | exit_handler        |: Exiting...
2023-02-13 11:35:53,091 | MainThread   | [WARNING ] | exit_handler        |: Could not disconnect before exiting
2023-02-13 11:35:53,093 | MainThread   | [WARNING ] | exit_handler        |: Not connected to a BLE device
2023-02-13 11:36:01,148 | MainThread   | [DEBUG   ] | __init__            |: Python Info: sys.version_info(major=3, minor=9, micro=10, releaselevel='final', serial=0)
2023-02-13 11:36:01,148 | MainThread   | [DEBUG   ] | __init__            |: System Info: macOS-12.6-x86_64-i386-64bit
2023-02-13 11:36:01,149 | MainThread   | [INFO    ] | _connect            |: Looking for Artemis Nano Peripheral Device: c0:83:24:6a:9a:3c
2023-02-13 11:36:03,988 | MainThread   | [INFO    ] | _connect            |: Connected to c0:83:24:6a:9a:3c
2023-02-13 11:37:24,986 | MainThread   | [INFO    ] | disconnect_handler  |: Disconnected from 3E8FB54A-DE75-5568-901D-E91E2BD0E736
2023-02-13 11:37:46,326 | MainThread   | [INFO    ] | _connect            |: Looking for Artemis Nano Peripheral Device: c0:83:24:6a:9a:3c
2023-02-13 11:37:49,047 | MainThread   | [INFO    ] | _connect            |: Connected to c0:83:24:6a:9a:3c
2023-02-13 11:56:01,377 | MainThread   | [INFO    ] | disconnect_handler  |: Disconnected from 3E8FB54A-DE75-5568-901D-E91E2BD0E736
2023-02-13 11:57:13,580 | MainThread   | [INFO    ] | _connect            |: Looking for Artemis Nano Peripheral Device: c0:83:24:6a:9a:3c
2023-02-13 11:57:17,008 | MainThread   | [INFO    ] | _connect            |: Connected to c0:83:24:6a:9a:3c
2023-02-13 11:57:30,091 | MainThread   | [INFO    ] | disconnect_handler  |: Disconnected from 3E8FB54A-DE75-5568-901D-E91E2BD0E736
2023-02-13 11:58:39,418 | MainThread   | [INFO    ] | _connect            |: Looking for Artemis Nano Peripheral Device: c0:83:24:6a:9a:3c
2023-02-13 11:58:41,929 | MainThread   | [INFO    ] | _connect            |: Connected to c0:83:24:6a:9a:3c
2023-02-13 11:59:03,408 | MainThread   | [INFO    ] | exit_handler        |: Exiting...
2023-02-13 11:59:03,413 | MainThread   | [INFO    ] | disconnect_handler  |: Disconnected from 3E8FB54A-DE75-5568-901D-E91E2BD0E736
2023-02-13 11:59:03,415 | MainThread   | [INFO    ] | exit_handler        |: Gracefully Exiting
2023-02-13 11:59:16,283 | MainThread   | [DEBUG   ] | __init__            |: Python Info: sys.version_info(major=3, minor=9, micro=10, releaselevel='final', serial=0)
2023-02-13 11:59:16,284 | MainThread   | [DEBUG   ] | __init__            |: System Info: macOS-12.6-x86_64-i386-64bit
2023-02-13 11:59:16,284 | MainThread   | [INFO    ] | _connect            |: Looking for Artemis Nano Peripheral Device: c0:83:24:6a:9a:3c
2023-02-13 11:59:28,470 | MainThread   | [ERROR   ] | _connect            |: 
2023-02-13 11:59:29,478 | MainThread   | [WARNING ] | connect             |: Attempting to connect again...
2023-02-13 11:59:29,481 | MainThread   | [INFO    ] | _connect            |: Looking for Artemis Nano Peripheral Device: c0:83:24:6a:9a:3c
2023-02-13 12:00:01,636 | MainThread   | [INFO    ] | _connect            |: Looking for Artemis Nano Peripheral Device: c0:83:24:6a:9a:3c
2023-02-13 12:00:04,286 | MainThread   | [INFO    ] | _connect            |: Connected to c0:83:24:6a:9a:3c
2023-02-13 12:00:13,258 | MainThread   | [INFO    ] | disconnect_handler  |: Disconnected from 3E8FB54A-DE75-5568-901D-E91E2BD0E736
2023-02-13 12:01:11,646 | MainThread   | [INFO    ] | _connect            |: Looking for Artemis Nano Peripheral Device: c0:83:24:6a:9a:3c
2023-02-13 12:01:14,207 | MainThread   | [INFO    ] | _connect            |: Connected to c0:83:24:6a:9a:3c
2023-02-13 12:01:25,261 | MainThread   | [INFO    ] | exit_handler        |: Exiting...
2023-02-13 12:01:25,266 | MainThread   | [INFO    ] | disconnect_handler  |: Disconnected from 3E8FB54A-DE75-5568-901D-E91E2BD0E736
2023-02-13 12:01:25,269 | MainThread   | [INFO    ] | exit_handler        |: Gracefully Exiting
2023-02-13 12:01:31,467 | MainThread   | [DEBUG   ] | __init__            |: Python Info: sys.version_info(major=3, minor=9, micro=10, releaselevel='final', serial=0)
2023-02-13 12:01:31,467 | MainThread   | [DEBUG   ] | __init__            |: System Info: macOS-12.6-x86_64-i386-64bit
2023-02-13 12:01:31,468 | MainThread   | [INFO    ] | _connect            |: Looking for Artemis Nano Peripheral Device: c0:83:24:6a:9a:3c
2023-02-13 12:01:34,197 | MainThread   | [INFO    ] | _connect            |: Connected to c0:83:24:6a:9a:3c
2023-02-13 12:02:35,820 | MainThread   | [INFO    ] | disconnect_handler  |: Disconnected from 3E8FB54A-DE75-5568-901D-E91E2BD0E736
2023-02-13 12:02:41,988 | MainThread   | [INFO    ] | _connect            |: Looking for Artemis Nano Peripheral Device: c0:83:24:6a:9a:3c
2023-02-13 12:02:44,759 | MainThread   | [INFO    ] | _connect            |: Connected to c0:83:24:6a:9a:3c
2023-02-13 12:05:21,421 | MainThread   | [INFO    ] | exit_handler        |: Exiting...
2023-02-13 12:05:21,427 | MainThread   | [INFO    ] | disconnect_handler  |: Disconnected from 3E8FB54A-DE75-5568-901D-E91E2BD0E736
2023-02-13 12:05:21,428 | MainThread   | [INFO    ] | exit_handler        |: Gracefully Exiting
2023-02-13 12:05:26,738 | MainThread   | [DEBUG   ] | __init__            |: Python Info: sys.version_info(major=3, minor=9, micro=10, releaselevel='final', serial=0)
2023-02-13 12:05:26,739 | MainThread   | [DEBUG   ] | __init__            |: System Info: macOS-12.6-x86_64-i386-64bit
2023-02-13 12:05:26,739 | MainThread   | [INFO    ] | _connect            |: Looking for Artemis Nano Peripheral Device: c0:83:24:6a:9a:3c
2023-02-13 12:05:29,711 | MainThread   | [INFO    ] | _connect            |: Connected to c0:83:24:6a:9a:3c
2023-02-13 12:06:56,283 | MainThread   | [INFO    ] | disconnect_handler  |: Disconnected from 3E8FB54A-DE75-5568-901D-E91E2BD0E736
2023-02-13 12:47:11,199 | MainThread   | [INFO    ] | _connect            |: Looking for Artemis Nano Peripheral Device: c0:83:24:6a:9a:3c
2023-02-13 12:47:13,946 | MainThread   | [INFO    ] | _connect            |: Connected to c0:83:24:6a:9a:3c
2023-02-13 12:48:22,680 | MainThread   | [INFO    ] | disconnect_handler  |: Disconnected from 3E8FB54A-DE75-5568-901D-E91E2BD0E736
2023-02-13 12:48:51,726 | MainThread   | [INFO    ] | _connect            |: Looking for Artemis Nano Peripheral Device: c0:83:24:6a:9a:3c
2023-02-13 12:48:54,426 | MainThread   | [INFO    ] | _connect            |: Connected to c0:83:24:6a:9a:3c
2023-02-13 12:49:07,551 | MainThread   | [INFO    ] | disconnect_handler  |: Disconnected from 3E8FB54A-DE75-5568-901D-E91E2BD0E736
2023-02-13 12:49:36,120 | MainThread   | [INFO    ] | _connect            |: Looking for Artemis Nano Peripheral Device: c0:83:24:6a:9a:3c
2023-02-13 12:49:38,983 | MainThread   | [INFO    ] | _connect            |: Connected to c0:83:24:6a:9a:3c
2023-02-13 13:02:04,711 | MainThread   | [INFO    ] | disconnect_handler  |: Disconnected from 3E8FB54A-DE75-5568-901D-E91E2BD0E736
2023-02-13 13:02:28,813 | MainThread   | [INFO    ] | exit_handler        |: Exiting...
2023-02-13 13:02:28,815 | MainThread   | [WARNING ] | exit_handler        |: Could not disconnect before exiting
2023-02-13 13:02:28,816 | MainThread   | [WARNING ] | exit_handler        |: Not connected to a BLE device
2023-02-13 13:02:32,931 | MainThread   | [DEBUG   ] | __init__            |: Python Info: sys.version_info(major=3, minor=9, micro=10, releaselevel='final', serial=0)
2023-02-13 13:02:32,931 | MainThread   | [DEBUG   ] | __init__            |: System Info: macOS-12.6-x86_64-i386-64bit
2023-02-13 13:02:32,931 | MainThread   | [INFO    ] | _connect            |: Looking for Artemis Nano Peripheral Device: c0:83:24:6a:9a:3c
2023-02-13 13:02:35,607 | MainThread   | [INFO    ] | _connect            |: Connected to c0:83:24:6a:9a:3c
2023-02-13 13:15:37,008 | MainThread   | [INFO    ] | disconnect_handler  |: Disconnected from 3E8FB54A-DE75-5568-901D-E91E2BD0E736
2023-02-13 13:15:49,567 | MainThread   | [INFO    ] | _connect            |: Looking for Artemis Nano Peripheral Device: c0:83:24:6a:9a:3c
2023-02-13 13:15:54,432 | MainThread   | [INFO    ] | _connect            |: Connected to c0:83:24:6a:9a:3c
2023-02-13 13:21:34,759 | MainThread   | [INFO    ] | disconnect_handler  |: Disconnected from 3E8FB54A-DE75-5568-901D-E91E2BD0E736
2023-02-13 13:22:25,467 | MainThread   | [INFO    ] | _connect            |: Looking for Artemis Nano Peripheral Device: c0:83:24:6a:9a:3c
2023-02-13 13:22:28,078 | MainThread   | [INFO    ] | _connect            |: Connected to c0:83:24:6a:9a:3c
2023-02-13 13:23:36,826 | MainThread   | [INFO    ] | disconnect_handler  |: Disconnected from 3E8FB54A-DE75-5568-901D-E91E2BD0E736
2023-02-14 00:01:16,143 | MainThread   | [INFO    ] | _connect            |: Looking for Artemis Nano Peripheral Device: c0:83:24:6a:9a:3c
2023-02-14 00:01:18,861 | MainThread   | [INFO    ] | _connect            |: Connected to c0:83:24:6a:9a:3c
2023-02-14 00:04:34,914 | MainThread   | [INFO    ] | disconnect_handler  |: Disconnected from 3E8FB54A-DE75-5568-901D-E91E2BD0E736
2023-02-14 00:04:53,342 | MainThread   | [INFO    ] | _connect            |: Looking for Artemis Nano Peripheral Device: c0:83:24:6a:9a:3c
2023-02-14 00:04:56,029 | MainThread   | [INFO    ] | _connect            |: Connected to c0:83:24:6a:9a:3c
2023-02-14 00:06:57,306 | MainThread   | [INFO    ] | disconnect_handler  |: Disconnected from 3E8FB54A-DE75-5568-901D-E91E2BD0E736
2023-02-14 00:07:12,450 | MainThread   | [INFO    ] | _connect            |: Looking for Artemis Nano Peripheral Device: c0:83:24:6a:9a:3c
2023-02-14 00:07:15,060 | MainThread   | [INFO    ] | _connect            |: Connected to c0:83:24:6a:9a:3c
2023-02-14 00:18:44,404 | MainThread   | [INFO    ] | disconnect_handler  |: Disconnected from 3E8FB54A-DE75-5568-901D-E91E2BD0E736
2023-02-14 00:19:05,343 | MainThread   | [INFO    ] | _connect            |: Looking for Artemis Nano Peripheral Device: c0:83:24:6a:9a:3c
2023-02-14 00:19:07,990 | MainThread   | [INFO    ] | _connect            |: Connected to c0:83:24:6a:9a:3c
2023-02-14 00:19:54,595 | MainThread   | [INFO    ] | disconnect_handler  |: Disconnected from 3E8FB54A-DE75-5568-901D-E91E2BD0E736
2023-02-14 00:19:58,830 | MainThread   | [INFO    ] | exit_handler        |: Exiting...
2023-02-14 00:19:58,834 | MainThread   | [WARNING ] | exit_handler        |: Could not disconnect before exiting
2023-02-14 00:19:58,835 | MainThread   | [WARNING ] | exit_handler        |: Not connected to a BLE device
2023-02-14 00:20:02,886 | MainThread   | [DEBUG   ] | __init__            |: Python Info: sys.version_info(major=3, minor=9, micro=10, releaselevel='final', serial=0)
2023-02-14 00:20:02,886 | MainThread   | [DEBUG   ] | __init__            |: System Info: macOS-12.6-x86_64-i386-64bit
2023-02-14 00:20:02,887 | MainThread   | [INFO    ] | _connect            |: Looking for Artemis Nano Peripheral Device: c0:83:24:6a:9a:3c
2023-02-14 00:20:05,875 | MainThread   | [INFO    ] | _connect            |: Connected to c0:83:24:6a:9a:3c
2023-02-14 00:20:07,586 | MainThread   | [INFO    ] | disconnect_handler  |: Disconnected from 3E8FB54A-DE75-5568-901D-E91E2BD0E736
2023-02-14 00:20:18,098 | MainThread   | [INFO    ] | _connect            |: Looking for Artemis Nano Peripheral Device: c0:83:24:6a:9a:3c
2023-02-14 00:20:20,697 | MainThread   | [INFO    ] | _connect            |: Connected to c0:83:24:6a:9a:3c
2023-02-14 00:28:05,684 | MainThread   | [INFO    ] | disconnect_handler  |: Disconnected from 3E8FB54A-DE75-5568-901D-E91E2BD0E736
2023-02-15 00:19:38,594 | MainThread   | [INFO    ] | _connect            |: Looking for Artemis Nano Peripheral Device: c0:83:24:6a:9a:3c
2023-02-15 00:19:41,894 | MainThread   | [INFO    ] | _connect            |: Connected to c0:83:24:6a:9a:3c
2023-02-15 00:23:13,670 | MainThread   | [INFO    ] | disconnect_handler  |: Disconnected from 3E8FB54A-DE75-5568-901D-E91E2BD0E736
2023-02-15 00:23:55,459 | MainThread   | [INFO    ] | _connect            |: Looking for Artemis Nano Peripheral Device: c0:83:24:6a:9a:3c
2023-02-15 00:23:58,428 | MainThread   | [INFO    ] | _connect            |: Connected to c0:83:24:6a:9a:3c
2023-02-15 00:30:48,861 | MainThread   | [INFO    ] | disconnect_handler  |: Disconnected from 3E8FB54A-DE75-5568-901D-E91E2BD0E736
2023-02-15 00:36:06,961 | MainThread   | [INFO    ] | _connect            |: Looking for Artemis Nano Peripheral Device: c0:83:24:6a:9a:3c
2023-02-15 00:36:09,680 | MainThread   | [INFO    ] | _connect            |: Connected to c0:83:24:6a:9a:3c
2023-02-15 00:44:56,860 | MainThread   | [INFO    ] | disconnect_handler  |: Disconnected from 3E8FB54A-DE75-5568-901D-E91E2BD0E736
2023-02-15 00:45:52,520 | MainThread   | [INFO    ] | _connect            |: Looking for Artemis Nano Peripheral Device: c0:83:24:6a:9a:3c
2023-02-15 00:45:55,549 | MainThread   | [INFO    ] | _connect            |: Connected to c0:83:24:6a:9a:3c
2023-02-15 00:48:00,698 | MainThread   | [INFO    ] | disconnect_handler  |: Disconnected from 3E8FB54A-DE75-5568-901D-E91E2BD0E736
2023-02-15 00:49:50,024 | MainThread   | [INFO    ] | _connect            |: Looking for Artemis Nano Peripheral Device: c0:83:24:6a:9a:3c
2023-02-15 00:51:02,070 | MainThread   | [INFO    ] | _connect            |: Looking for Artemis Nano Peripheral Device: c0:83:24:6a:9a:3c
2023-02-15 00:51:04,656 | MainThread   | [INFO    ] | _connect            |: Connected to c0:83:24:6a:9a:3c
2023-02-15 00:52:01,717 | MainThread   | [INFO    ] | disconnect_handler  |: Disconnected from 3E8FB54A-DE75-5568-901D-E91E2BD0E736
2023-02-15 00:57:48,647 | MainThread   | [INFO    ] | _connect            |: Looking for Artemis Nano Peripheral Device: c0:83:24:6a:9a:3c
2023-02-15 00:57:51,980 | MainThread   | [INFO    ] | _connect            |: Connected to c0:83:24:6a:9a:3c
2023-02-15 01:01:11,618 | MainThread   | [INFO    ] | disconnect_handler  |: Disconnected from 3E8FB54A-DE75-5568-901D-E91E2BD0E736
2023-02-15 01:10:33,966 | MainThread   | [INFO    ] | _connect            |: Looking for Artemis Nano Peripheral Device: c0:83:24:6a:9a:3c
2023-02-15 01:10:37,033 | MainThread   | [INFO    ] | _connect            |: Connected to c0:83:24:6a:9a:3c
2023-02-15 01:26:43,789 | MainThread   | [INFO    ] | disconnect_handler  |: Disconnected from 3E8FB54A-DE75-5568-901D-E91E2BD0E736
2023-02-15 01:26:57,754 | MainThread   | [INFO    ] | _connect            |: Looking for Artemis Nano Peripheral Device: c0:83:24:6a:9a:3c
2023-02-15 01:27:00,487 | MainThread   | [INFO    ] | _connect            |: Connected to c0:83:24:6a:9a:3c
2023-02-15 01:32:40,090 | MainThread   | [INFO    ] | disconnect_handler  |: Disconnected from 3E8FB54A-DE75-5568-901D-E91E2BD0E736
2023-02-15 01:38:27,589 | MainThread   | [INFO    ] | _connect            |: Looking for Artemis Nano Peripheral Device: c0:83:24:6a:9a:3c
2023-02-15 01:38:30,239 | MainThread   | [INFO    ] | _connect            |: Connected to c0:83:24:6a:9a:3c
2023-02-15 01:44:33,475 | MainThread   | [INFO    ] | _connect            |: Already connected to a BLE device
2023-02-15 14:58:05,302 | MainThread   | [INFO    ] | exit_handler        |: Exiting...
2023-02-15 14:58:05,323 | MainThread   | [WARNING ] | exit_handler        |: Could not disconnect before exiting
2023-02-15 14:58:05,325 | MainThread   | [WARNING ] | exit_handler        |: Not connected to a BLE device
2023-02-21 23:15:27,540 | MainThread   | [DEBUG   ] | __init__            |: Python Info: sys.version_info(major=3, minor=9, micro=10, releaselevel='final', serial=0)
2023-02-21 23:15:27,541 | MainThread   | [DEBUG   ] | __init__            |: System Info: macOS-12.6-x86_64-i386-64bit
2023-02-21 23:15:27,541 | MainThread   | [INFO    ] | _connect            |: Looking for Artemis Nano Peripheral Device: c0:83:24:6a:9a:3c
2023-02-21 23:15:30,477 | MainThread   | [INFO    ] | _connect            |: Connected to c0:83:24:6a:9a:3c
2023-02-21 23:18:41,753 | MainThread   | [INFO    ] | disconnect_handler  |: Disconnected from 3E8FB54A-DE75-5568-901D-E91E2BD0E736
2023-02-21 23:20:03,021 | MainThread   | [INFO    ] | _connect            |: Looking for Artemis Nano Peripheral Device: c0:83:24:6a:9a:3c
2023-02-21 23:20:05,604 | MainThread   | [INFO    ] | _connect            |: Connected to c0:83:24:6a:9a:3c
2023-02-21 23:44:32,326 | MainThread   | [INFO    ] | disconnect_handler  |: Disconnected from 3E8FB54A-DE75-5568-901D-E91E2BD0E736
2023-02-21 23:46:16,495 | MainThread   | [INFO    ] | _connect            |: Looking for Artemis Nano Peripheral Device: c0:83:24:6a:9a:3c
2023-02-21 23:46:19,099 | MainThread   | [INFO    ] | _connect            |: Connected to c0:83:24:6a:9a:3c
2023-02-21 23:49:49,496 | MainThread   | [INFO    ] | disconnect_handler  |: Disconnected from 3E8FB54A-DE75-5568-901D-E91E2BD0E736
2023-02-21 23:50:27,354 | MainThread   | [INFO    ] | _connect            |: Looking for Artemis Nano Peripheral Device: c0:83:24:6a:9a:3c
2023-02-21 23:50:30,116 | MainThread   | [INFO    ] | _connect            |: Connected to c0:83:24:6a:9a:3c
2023-02-21 23:51:57,353 | MainThread   | [INFO    ] | disconnect_handler  |: Disconnected from 3E8FB54A-DE75-5568-901D-E91E2BD0E736
2023-02-21 23:52:06,831 | MainThread   | [INFO    ] | _connect            |: Looking for Artemis Nano Peripheral Device: c0:83:24:6a:9a:3c
2023-02-21 23:52:10,474 | MainThread   | [INFO    ] | _connect            |: Connected to c0:83:24:6a:9a:3c
2023-02-21 23:53:12,870 | MainThread   | [INFO    ] | disconnect_handler  |: Disconnected from 3E8FB54A-DE75-5568-901D-E91E2BD0E736
2023-02-21 23:53:27,947 | MainThread   | [INFO    ] | _connect            |: Looking for Artemis Nano Peripheral Device: c0:83:24:6a:9a:3c
2023-02-21 23:53:32,846 | MainThread   | [INFO    ] | _connect            |: Connected to c0:83:24:6a:9a:3c
2023-02-21 23:54:39,510 | MainThread   | [INFO    ] | disconnect_handler  |: Disconnected from 3E8FB54A-DE75-5568-901D-E91E2BD0E736
2023-02-21 23:56:05,656 | MainThread   | [INFO    ] | _connect            |: Looking for Artemis Nano Peripheral Device: c0:83:24:6a:9a:3c
2023-02-21 23:56:32,042 | MainThread   | [INFO    ] | _connect            |: Looking for Artemis Nano Peripheral Device: c0:83:24:6a:9a:3c
2023-02-21 23:56:34,931 | MainThread   | [INFO    ] | _connect            |: Connected to c0:83:24:6a:9a:3c
2023-02-22 00:00:18,947 | MainThread   | [INFO    ] | disconnect_handler  |: Disconnected from 3E8FB54A-DE75-5568-901D-E91E2BD0E736
2023-02-22 00:00:36,272 | MainThread   | [INFO    ] | _connect            |: Looking for Artemis Nano Peripheral Device: c0:83:24:6a:9a:3c
2023-02-22 00:00:39,239 | MainThread   | [INFO    ] | _connect            |: Connected to c0:83:24:6a:9a:3c
2023-02-22 00:01:46,448 | MainThread   | [INFO    ] | _connect            |: Already connected to a BLE device
2023-02-22 00:22:41,892 | MainThread   | [INFO    ] | disconnect_handler  |: Disconnected from 3E8FB54A-DE75-5568-901D-E91E2BD0E736
2023-02-22 00:23:34,052 | MainThread   | [INFO    ] | _connect            |: Looking for Artemis Nano Peripheral Device: c0:83:24:6a:9a:3c
2023-02-22 00:23:36,557 | MainThread   | [INFO    ] | _connect            |: Connected to c0:83:24:6a:9a:3c
2023-02-22 00:31:38,066 | MainThread   | [DEBUG   ] | __init__            |: Python Info: sys.version_info(major=3, minor=9, micro=10, releaselevel='final', serial=0)
2023-02-22 00:31:38,066 | MainThread   | [DEBUG   ] | __init__            |: System Info: macOS-12.6-x86_64-i386-64bit
2023-02-22 00:31:38,067 | MainThread   | [INFO    ] | _connect            |: Looking for Artemis Nano Peripheral Device: c0:83:24:6a:9a:3c
2023-02-22 00:31:40,731 | MainThread   | [INFO    ] | _connect            |: Connected to c0:83:24:6a:9a:3c
2023-02-22 00:35:23,324 | MainThread   | [DEBUG   ] | __init__            |: Python Info: sys.version_info(major=3, minor=9, micro=10, releaselevel='final', serial=0)
2023-02-22 00:35:23,325 | MainThread   | [DEBUG   ] | __init__            |: System Info: macOS-12.6-x86_64-i386-64bit
2023-02-22 00:35:23,325 | MainThread   | [INFO    ] | _connect            |: Looking for Artemis Nano Peripheral Device: c0:83:24:6a:9a:3c
2023-02-22 00:35:27,908 | MainThread   | [INFO    ] | _connect            |: Connected to c0:83:24:6a:9a:3c
2023-02-22 00:38:38,425 | MainThread   | [DEBUG   ] | __init__            |: Python Info: sys.version_info(major=3, minor=9, micro=10, releaselevel='final', serial=0)
2023-02-22 00:38:38,425 | MainThread   | [DEBUG   ] | __init__            |: System Info: macOS-12.6-x86_64-i386-64bit
2023-02-22 00:38:38,426 | MainThread   | [INFO    ] | _connect            |: Looking for Artemis Nano Peripheral Device: c0:83:24:6a:9a:3c
2023-02-22 00:38:41,015 | MainThread   | [INFO    ] | _connect            |: Connected to c0:83:24:6a:9a:3c
2023-02-22 00:43:22,172 | MainThread   | [INFO    ] | disconnect_handler  |: Disconnected from 3E8FB54A-DE75-5568-901D-E91E2BD0E736
2023-02-22 00:43:44,048 | MainThread   | [INFO    ] | _connect            |: Looking for Artemis Nano Peripheral Device: c0:83:24:6a:9a:3c
2023-02-22 00:43:46,632 | MainThread   | [INFO    ] | _connect            |: Connected to c0:83:24:6a:9a:3c
2023-02-22 00:45:37,359 | MainThread   | [INFO    ] | disconnect_handler  |: Disconnected from 3E8FB54A-DE75-5568-901D-E91E2BD0E736
2023-02-22 00:46:15,644 | MainThread   | [INFO    ] | _connect            |: Looking for Artemis Nano Peripheral Device: c0:83:24:6a:9a:3c
2023-02-22 00:46:18,527 | MainThread   | [INFO    ] | _connect            |: Connected to c0:83:24:6a:9a:3c
2023-02-22 00:48:34,057 | MainThread   | [INFO    ] | disconnect_handler  |: Disconnected from 3E8FB54A-DE75-5568-901D-E91E2BD0E736
2023-02-22 00:49:31,503 | MainThread   | [INFO    ] | _connect            |: Looking for Artemis Nano Peripheral Device: c0:83:24:6a:9a:3c
2023-02-22 00:49:34,083 | MainThread   | [INFO    ] | _connect            |: Connected to c0:83:24:6a:9a:3c
2023-02-22 01:01:07,748 | MainThread   | [INFO    ] | disconnect_handler  |: Disconnected from 3E8FB54A-DE75-5568-901D-E91E2BD0E736
2023-02-22 01:02:42,451 | MainThread   | [INFO    ] | _connect            |: Looking for Artemis Nano Peripheral Device: c0:83:24:6a:9a:3c
2023-02-22 01:02:45,154 | MainThread   | [INFO    ] | _connect            |: Connected to c0:83:24:6a:9a:3c
2023-02-22 01:03:18,052 | MainThread   | [INFO    ] | disconnect_handler  |: Disconnected from 3E8FB54A-DE75-5568-901D-E91E2BD0E736
2023-02-22 01:03:57,821 | MainThread   | [INFO    ] | _connect            |: Looking for Artemis Nano Peripheral Device: c0:83:24:6a:9a:3c
2023-02-22 01:04:00,409 | MainThread   | [INFO    ] | _connect            |: Connected to c0:83:24:6a:9a:3c
2023-02-22 01:04:17,619 | MainThread   | [INFO    ] | disconnect_handler  |: Disconnected from 3E8FB54A-DE75-5568-901D-E91E2BD0E736
2023-02-22 01:05:52,719 | MainThread   | [INFO    ] | exit_handler        |: Exiting...
2023-02-22 01:05:52,723 | MainThread   | [WARNING ] | exit_handler        |: Could not disconnect before exiting
2023-02-22 01:05:52,725 | MainThread   | [WARNING ] | exit_handler        |: Not connected to a BLE device
2023-02-22 01:05:57,504 | MainThread   | [DEBUG   ] | __init__            |: Python Info: sys.version_info(major=3, minor=9, micro=10, releaselevel='final', serial=0)
2023-02-22 01:05:57,504 | MainThread   | [DEBUG   ] | __init__            |: System Info: macOS-12.6-x86_64-i386-64bit
2023-02-22 01:05:57,504 | MainThread   | [INFO    ] | _connect            |: Looking for Artemis Nano Peripheral Device: c0:83:24:6a:9a:3c
2023-02-22 01:06:00,253 | MainThread   | [INFO    ] | _connect            |: Connected to c0:83:24:6a:9a:3c
2023-02-22 01:06:39,223 | MainThread   | [INFO    ] | disconnect_handler  |: Disconnected from 3E8FB54A-DE75-5568-901D-E91E2BD0E736
2023-02-22 01:08:33,892 | MainThread   | [INFO    ] | _connect            |: Looking for Artemis Nano Peripheral Device: c0:83:24:6a:9a:3c
2023-02-22 01:08:36,851 | MainThread   | [INFO    ] | _connect            |: Connected to c0:83:24:6a:9a:3c
2023-02-22 01:31:46,871 | MainThread   | [INFO    ] | exit_handler        |: Exiting...
2023-02-22 01:31:46,878 | MainThread   | [INFO    ] | disconnect_handler  |: Disconnected from 3E8FB54A-DE75-5568-901D-E91E2BD0E736
2023-02-22 01:31:46,880 | MainThread   | [INFO    ] | exit_handler        |: Gracefully Exiting
2023-02-22 01:31:52,003 | MainThread   | [DEBUG   ] | __init__            |: Python Info: sys.version_info(major=3, minor=9, micro=10, releaselevel='final', serial=0)
2023-02-22 01:31:52,004 | MainThread   | [DEBUG   ] | __init__            |: System Info: macOS-12.6-x86_64-i386-64bit
2023-02-22 01:31:52,004 | MainThread   | [INFO    ] | _connect            |: Looking for Artemis Nano Peripheral Device: c0:83:24:6a:9a:3c
2023-02-22 01:31:54,785 | MainThread   | [INFO    ] | _connect            |: Connected to c0:83:24:6a:9a:3c
2023-02-22 01:33:10,866 | MainThread   | [INFO    ] | disconnect_handler  |: Disconnected from 3E8FB54A-DE75-5568-901D-E91E2BD0E736
2023-02-22 01:33:28,395 | MainThread   | [INFO    ] | _connect            |: Looking for Artemis Nano Peripheral Device: c0:83:24:6a:9a:3c
2023-02-22 01:34:14,083 | MainThread   | [INFO    ] | _connect            |: Looking for Artemis Nano Peripheral Device: c0:83:24:6a:9a:3c
2023-02-22 01:34:16,773 | MainThread   | [INFO    ] | _connect            |: Connected to c0:83:24:6a:9a:3c
2023-03-08 16:22:19,613 | MainThread   | [DEBUG   ] | __init__            |: Python Info: sys.version_info(major=3, minor=9, micro=10, releaselevel='final', serial=0)
2023-03-08 16:22:19,614 | MainThread   | [DEBUG   ] | __init__            |: System Info: macOS-12.6-x86_64-i386-64bit
2023-03-08 16:22:19,615 | MainThread   | [INFO    ] | _connect            |: Looking for Artemis Nano Peripheral Device: c0:83:24:6a:9a:3c
2023-03-08 16:57:56,103 | MainThread   | [INFO    ] | _connect            |: Looking for Artemis Nano Peripheral Device: c0:83:24:6a:9a:3c
2023-03-08 16:57:58,944 | MainThread   | [INFO    ] | _connect            |: Connected to c0:83:24:6a:9a:3c
2023-03-08 16:59:33,970 | MainThread   | [INFO    ] | disconnect_handler  |: Disconnected from 3E8FB54A-DE75-5568-901D-E91E2BD0E736
2023-03-08 16:59:55,144 | MainThread   | [INFO    ] | _connect            |: Looking for Artemis Nano Peripheral Device: c0:83:24:6a:9a:3c
2023-03-08 16:59:57,774 | MainThread   | [INFO    ] | _connect            |: Connected to c0:83:24:6a:9a:3c
2023-03-08 17:14:42,301 | MainThread   | [INFO    ] | disconnect_handler  |: Disconnected from 3E8FB54A-DE75-5568-901D-E91E2BD0E736
2023-03-08 17:15:01,543 | MainThread   | [INFO    ] | _connect            |: Looking for Artemis Nano Peripheral Device: c0:83:24:6a:9a:3c
2023-03-08 17:15:04,215 | MainThread   | [INFO    ] | _connect            |: Connected to c0:83:24:6a:9a:3c
2023-03-08 17:21:56,476 | MainThread   | [INFO    ] | disconnect_handler  |: Disconnected from 3E8FB54A-DE75-5568-901D-E91E2BD0E736
